This is pdfTeX, Version 3.14159265-2.6-1.40.19 (TeX Live 2018) (preloaded format=pdflatex 2018.11.18)  19 JAN 2019 17:17
entering extended mode
 restricted \write18 enabled.
 %&-line parsing enabled.
**"Cwiczenie 4 - Sprawozdanie.tex"
(./Cwiczenie 4 - Sprawozdanie.tex
LaTeX2e <2018-04-01> patch level 2
Babel <3.18> and hyphenation patterns for 84 language(s) loaded.
(/usr/local/texlive/2018/texmf-dist/tex/latex/base/article.cls
Document Class: article 2014/09/29 v1.4h Standard LaTeX document class
(/usr/local/texlive/2018/texmf-dist/tex/latex/base/size10.clo
File: size10.clo 2014/09/29 v1.4h Standard LaTeX file (size option)
)
\c@part=\count80
\c@section=\count81
\c@subsection=\count82
\c@subsubsection=\count83
\c@paragraph=\count84
\c@subparagraph=\count85
\c@figure=\count86
\c@table=\count87
\abovecaptionskip=\skip41
\belowcaptionskip=\skip42
\bibindent=\dimen102
)
(/usr/local/texlive/2018/texmf-dist/tex/latex/base/inputenc.sty
Package: inputenc 2018/04/06 v1.3b Input encoding file
\inpenc@prehook=\toks14
\inpenc@posthook=\toks15
)
(/usr/local/texlive/2018/texmf-dist/tex/latex/polski/polski.sty
Package: polski 2017/05/04 v1.3.4 Polish language package

   Inputenc package detected. Catcodes not changed.
   Switching to Polish text encoding and Polish maths fonts.
(/usr/local/texlive/2018/texmf-dist/tex/latex/base/ot4enc.def
File: ot4enc.def 2017/04/05 v2.0i Standard LaTeX file
Now handling font encoding OT4 ...
... no UTF-8 mapping file for font encoding OT4
)
LaTeX Font Info:    Try loading font information for OT4+cmr on input line 360.


(/usr/local/texlive/2018/texmf-dist/tex/latex/polski/ot4cmr.fd
File: ot4cmr.fd 2008/02/24 v1.2.1 Font defs for fonts PL (MW)
)
LaTeX Font Info:    Overwriting math alphabet `\mathbf' in version `normal'
(Font)                  OT1/cmr/bx/n --> OT4/cmr/bx/n on input line 360.
LaTeX Font Info:    Overwriting math alphabet `\mathsf' in version `normal'
(Font)                  OT1/cmss/m/n --> OT4/cmss/m/n on input line 360.
LaTeX Font Info:    Overwriting math alphabet `\mathit' in version `normal'
(Font)                  OT1/cmr/m/it --> OT4/cmr/m/it on input line 360.
LaTeX Font Info:    Overwriting math alphabet `\mathtt' in version `normal'
(Font)                  OT1/cmtt/m/n --> OT4/cmtt/m/n on input line 360.
LaTeX Font Info:    Overwriting math alphabet `\mathsf' in version `bold'
(Font)                  OT1/cmss/bx/n --> OT4/cmss/bx/n on input line 360.
LaTeX Font Info:    Overwriting math alphabet `\mathit' in version `bold'
(Font)                  OT1/cmr/bx/it --> OT4/cmr/bx/it on input line 360.
LaTeX Font Info:    Encoding `OT1' has changed to `OT4' for symbol font
(Font)              `operators' in the math version `normal' on input line 360.

LaTeX Font Info:    Overwriting symbol font `operators' in version `normal'
(Font)                  OT1/cmr/m/n --> OT4/cmr/m/n on input line 360.
LaTeX Font Info:    Overwriting symbol font `letters' in version `normal'
(Font)                  OML/cmm/m/it --> OML/plm/m/it on input line 360.
LaTeX Font Info:    Overwriting symbol font `symbols' in version `normal'
(Font)                  OMS/cmsy/m/n --> OMS/plsy/m/n on input line 360.
LaTeX Font Info:    Overwriting symbol font `largesymbols' in version `normal'
(Font)                  OMX/cmex/m/n --> OMX/plex/m/n on input line 360.
LaTeX Font Info:    Encoding `OT1' has changed to `OT4' for symbol font
(Font)              `operators' in the math version `bold' on input line 360.
LaTeX Font Info:    Overwriting symbol font `operators' in version `bold'
(Font)                  OT1/cmr/bx/n --> OT4/cmr/bx/n on input line 360.
LaTeX Font Info:    Overwriting symbol font `letters' in version `bold'
(Font)                  OML/cmm/b/it --> OML/plm/b/it on input line 360.
LaTeX Font Info:    Overwriting symbol font `symbols' in version `bold'
(Font)                  OMS/cmsy/b/n --> OMS/plsy/b/n on input line 360.
)
(/usr/local/texlive/2018/texmf-dist/tex/latex/graphics/graphicx.sty
Package: graphicx 2017/06/01 v1.1a Enhanced LaTeX Graphics (DPC,SPQR)

(/usr/local/texlive/2018/texmf-dist/tex/latex/graphics/keyval.sty
Package: keyval 2014/10/28 v1.15 key=value parser (DPC)
\KV@toks@=\toks16
)
(/usr/local/texlive/2018/texmf-dist/tex/latex/graphics/graphics.sty
Package: graphics 2017/06/25 v1.2c Standard LaTeX Graphics (DPC,SPQR)

(/usr/local/texlive/2018/texmf-dist/tex/latex/graphics/trig.sty
Package: trig 2016/01/03 v1.10 sin cos tan (DPC)
)
(/usr/local/texlive/2018/texmf-dist/tex/latex/graphics-cfg/graphics.cfg
File: graphics.cfg 2016/06/04 v1.11 sample graphics configuration
)
Package graphics Info: Driver file: pdftex.def on input line 99.

(/usr/local/texlive/2018/texmf-dist/tex/latex/graphics-def/pdftex.def
File: pdftex.def 2018/01/08 v1.0l Graphics/color driver for pdftex
))
\Gin@req@height=\dimen103
\Gin@req@width=\dimen104
)
(/usr/local/texlive/2018/texmf-dist/tex/latex/listings/listings.sty
\lst@mode=\count88
\lst@gtempboxa=\box26
\lst@token=\toks17
\lst@length=\count89
\lst@currlwidth=\dimen105
\lst@column=\count90
\lst@pos=\count91
\lst@lostspace=\dimen106
\lst@width=\dimen107
\lst@newlines=\count92
\lst@lineno=\count93
\lst@maxwidth=\dimen108

(/usr/local/texlive/2018/texmf-dist/tex/latex/listings/lstmisc.sty
File: lstmisc.sty 2015/06/04 1.6 (Carsten Heinz)
\c@lstnumber=\count94
\lst@skipnumbers=\count95
\lst@framebox=\box27
)
(/usr/local/texlive/2018/texmf-dist/tex/latex/listings/listings.cfg
File: listings.cfg 2015/06/04 1.6 listings configuration
))
Package: listings 2015/06/04 1.6 (Carsten Heinz)

(/usr/local/texlive/2018/texmf-dist/tex/latex/graphics/color.sty
Package: color 2016/07/10 v1.1e Standard LaTeX Color (DPC)

(/usr/local/texlive/2018/texmf-dist/tex/latex/graphics-cfg/color.cfg
File: color.cfg 2016/01/02 v1.6 sample color configuration
)
Package color Info: Driver file: pdftex.def on input line 147.

(/usr/local/texlive/2018/texmf-dist/tex/latex/graphics/dvipsnam.def
File: dvipsnam.def 2016/06/17 v3.0m Driver-dependent file (DPC,SPQR)
))
(/usr/local/texlive/2018/texmf-dist/tex/latex/setspace/setspace.sty
Package: setspace 2011/12/19 v6.7a set line spacing
)
(/usr/local/texlive/2018/texmf-dist/tex/latex/tools/indentfirst.sty
Package: indentfirst 1995/11/23 v1.03 Indent first paragraph (DPC)
)
(/usr/local/texlive/2018/texmf-dist/tex/latex/listings/lstlang1.sty
File: lstlang1.sty 2015/06/04 1.6 listings language file
)
(./Cwiczenie 4 - Sprawozdanie.aux

LaTeX Warning: Label `eqn:transO' multiply defined.


LaTeX Warning: Label `fig:symulacjaPID' multiply defined.

)
\openout1 = `"Cwiczenie 4 - Sprawozdanie.aux"'.

LaTeX Font Info:    Checking defaults for OML/cmm/m/it on input line 47.
LaTeX Font Info:    ... okay on input line 47.
LaTeX Font Info:    Checking defaults for T1/cmr/m/n on input line 47.
LaTeX Font Info:    ... okay on input line 47.
LaTeX Font Info:    Checking defaults for OT1/cmr/m/n on input line 47.
LaTeX Font Info:    ... okay on input line 47.
LaTeX Font Info:    Checking defaults for OMS/cmsy/m/n on input line 47.
LaTeX Font Info:    ... okay on input line 47.
LaTeX Font Info:    Checking defaults for OMX/cmex/m/n on input line 47.
LaTeX Font Info:    ... okay on input line 47.
LaTeX Font Info:    Checking defaults for U/cmr/m/n on input line 47.
LaTeX Font Info:    ... okay on input line 47.
LaTeX Font Info:    Checking defaults for OT4/cmr/m/n on input line 47.
LaTeX Font Info:    ... okay on input line 47.
 (/usr/local/texlive/2018/texmf-dist/tex/context/base/mkii/supp-pdf.mkii
[Loading MPS to PDF converter (version 2006.09.02).]
\scratchcounter=\count96
\scratchdimen=\dimen109
\scratchbox=\box28
\nofMPsegments=\count97
\nofMParguments=\count98
\everyMPshowfont=\toks18
\MPscratchCnt=\count99
\MPscratchDim=\dimen110
\MPnumerator=\count100
\makeMPintoPDFobject=\count101
\everyMPtoPDFconversion=\toks19
) (/usr/local/texlive/2018/texmf-dist/tex/latex/oberdiek/epstopdf-base.sty
Package: epstopdf-base 2016/05/15 v2.6 Base part for package epstopdf

(/usr/local/texlive/2018/texmf-dist/tex/generic/oberdiek/infwarerr.sty
Package: infwarerr 2016/05/16 v1.4 Providing info/warning/error messages (HO)
)
(/usr/local/texlive/2018/texmf-dist/tex/latex/oberdiek/grfext.sty
Package: grfext 2016/05/16 v1.2 Manage graphics extensions (HO)

(/usr/local/texlive/2018/texmf-dist/tex/generic/oberdiek/kvdefinekeys.sty
Package: kvdefinekeys 2016/05/16 v1.4 Define keys (HO)

(/usr/local/texlive/2018/texmf-dist/tex/generic/oberdiek/ltxcmds.sty
Package: ltxcmds 2016/05/16 v1.23 LaTeX kernel commands for general use (HO)
)))
(/usr/local/texlive/2018/texmf-dist/tex/latex/oberdiek/kvoptions.sty
Package: kvoptions 2016/05/16 v3.12 Key value format for package options (HO)

(/usr/local/texlive/2018/texmf-dist/tex/generic/oberdiek/kvsetkeys.sty
Package: kvsetkeys 2016/05/16 v1.17 Key value parser (HO)

(/usr/local/texlive/2018/texmf-dist/tex/generic/oberdiek/etexcmds.sty
Package: etexcmds 2016/05/16 v1.6 Avoid name clashes with e-TeX commands (HO)

(/usr/local/texlive/2018/texmf-dist/tex/generic/oberdiek/ifluatex.sty
Package: ifluatex 2016/05/16 v1.4 Provides the ifluatex switch (HO)
Package ifluatex Info: LuaTeX not detected.
)
Package etexcmds Info: Could not find \expanded.
(etexcmds)             That can mean that you are not using pdfTeX 1.50 or
(etexcmds)             that some package has redefined \expanded.
(etexcmds)             In the latter case, load this package earlier.
)))
(/usr/local/texlive/2018/texmf-dist/tex/generic/oberdiek/pdftexcmds.sty
Package: pdftexcmds 2018/01/30 v0.27 Utility functions of pdfTeX for LuaTeX (HO
)

(/usr/local/texlive/2018/texmf-dist/tex/generic/oberdiek/ifpdf.sty
Package: ifpdf 2017/03/15 v3.2 Provides the ifpdf switch
)
Package pdftexcmds Info: LuaTeX not detected.
Package pdftexcmds Info: \pdf@primitive is available.
Package pdftexcmds Info: \pdf@ifprimitive is available.
Package pdftexcmds Info: \pdfdraftmode found.
)
Package epstopdf-base Info: Redefining graphics rule for `.eps' on input line 4
38.
Package grfext Info: Graphics extension search list:
(grfext)             [.pdf,.png,.jpg,.mps,.jpeg,.jbig2,.jb2,.PDF,.PNG,.JPG,.JPE
G,.JBIG2,.JB2,.eps]
(grfext)             \AppendGraphicsExtensions on input line 456.

(/usr/local/texlive/2018/texmf-dist/tex/latex/latexconfig/epstopdf-sys.cfg
File: epstopdf-sys.cfg 2010/07/13 v1.3 Configuration of (r)epstopdf for TeX Liv
e
))
\c@lstlisting=\count102
LaTeX Font Info:    Try loading font information for OML+plm on input line 48.

(/usr/local/texlive/2018/texmf-dist/tex/latex/polski/omlplm.fd
File: omlplm.fd 2008/02/24 v1.2.1 Font defs for fonts PL (MW)
)
LaTeX Font Info:    Try loading font information for OMS+plsy on input line 48.


(/usr/local/texlive/2018/texmf-dist/tex/latex/polski/omsplsy.fd
File: omsplsy.fd 2008/02/24 v1.2.1 Font defs for fonts PL (MW)
)
LaTeX Font Info:    Try loading font information for OMX+plex on input line 48.


(/usr/local/texlive/2018/texmf-dist/tex/latex/polski/omxplex.fd
File: omxplex.fd 2008/02/24 v1.2.1 Font defs for fonts PL (MW)
)
LaTeX Font Info:    External font `plex10' loaded for size
(Font)              <12> on input line 48.
LaTeX Font Info:    External font `plex10' loaded for size
(Font)              <8> on input line 48.
LaTeX Font Info:    External font `plex10' loaded for size
(Font)              <6> on input line 48.

Underfull \hbox (badness 10000) in paragraph at lines 51--52

 []

LaTeX Font Info:    External font `plex10' loaded for size
(Font)              <10> on input line 92.
LaTeX Font Info:    External font `plex10' loaded for size
(Font)              <7> on input line 92.
LaTeX Font Info:    External font `plex10' loaded for size
(Font)              <5> on input line 92.

Underfull \hbox (badness 10000) in paragraph at lines 98--99

 []

[1

{/usr/local/texlive/2018/texmf-var/fonts/map/pdftex/updmap/pdftex.map}]
Underfull \hbox (badness 10000) in paragraph at lines 100--102

 []

<schemat.png, id=12, 610.28pt x 142.5325pt>
File: schemat.png Graphic file (type png)
<use schemat.png>
Package pdftex.def Info: schemat.png  used on input line 109.
(pdftex.def)             Requested size: 341.43306pt x 79.74586pt.
LaTeX Font Info:    Try loading font information for OT4+cmtt on input line 125
.
(/usr/local/texlive/2018/texmf-dist/tex/latex/polski/ot4cmtt.fd
File: ot4cmtt.fd 2008/02/24 v1.2.1 Font defs for fonts PL (MW)
)
LaTeX Font Info:    Try loading font information for OMS+cmr on input line 132.


(/usr/local/texlive/2018/texmf-dist/tex/latex/base/omscmr.fd
File: omscmr.fd 2014/09/29 v2.5h Standard LaTeX font definitions
)
LaTeX Font Info:    Font shape `OMS/cmr/m/n' in size <7> not available
(Font)              Font shape `OMS/cmsy/m/n' tried instead on input line 132.
 [2 <./schemat.png>]
<p_1.png, id=24, 1523.6925pt x 1084.05pt>
File: p_1.png Graphic file (type png)
<use p_1.png>
Package pdftex.def Info: p_1.png  used on input line 156.
(pdftex.def)             Requested size: 341.43306pt x 242.90825pt.
<p_2.png, id=25, 1589.94pt x 1084.05pt>
File: p_2.png Graphic file (type png)
<use p_2.png>
Package pdftex.def Info: p_2.png  used on input line 157.
(pdftex.def)             Requested size: 341.43306pt x 232.785pt.
 [3 <./p_1.png (PNG copy)> <./p_2.png (PNG copy)>]
<p_3.png, id=30, 1553.805pt x 1092.08pt>
File: p_3.png Graphic file (type png)
<use p_3.png>
Package pdftex.def Info: p_3.png  used on input line 166.
(pdftex.def)             Requested size: 341.43306pt x 239.97505pt.
LaTeX Font Info:    Font shape `OMS/cmr/m/n' in size <10> not available
(Font)              Font shape `OMS/cmsy/m/n' tried instead on input line 173.
 [4 <./p_3.png (PNG copy)>]
<pi_1.png, id=36, 1501.61pt x 1027.84pt>
File: pi_1.png Graphic file (type png)
<use pi_1.png>
Package pdftex.def Info: pi_1.png  used on input line 187.
(pdftex.def)             Requested size: 341.43306pt x 233.70065pt.
<pid_1.png, id=37, 1732.4725pt x 1248.665pt>
File: pid_1.png Graphic file (type png)
<use pid_1.png>
Package pdftex.def Info: pid_1.png  used on input line 198.
(pdftex.def)             Requested size: 341.43306pt x 246.07039pt.
[5 <./pi_1.png (PNG copy)> <./pid_1.png (PNG copy)>]
<pid_2.png, id=41, 1593.955pt x 1069.9975pt>
File: pid_2.png Graphic file (type png)
<use pid_2.png>
Package pdftex.def Info: pid_2.png  used on input line 207.
(pdftex.def)             Requested size: 341.43306pt x 229.19598pt.

Underfull \hbox (badness 10000) in paragraph at lines 216--228

 []


Underfull \hbox (badness 10000) in paragraph at lines 216--228

 []


Underfull \hbox (badness 10000) in paragraph at lines 216--228

 []


Underfull \hbox (badness 10000) in paragraph at lines 216--228

 []

<schemat_kor.png, id=42, 666.49pt x 142.5325pt>
File: schemat_kor.png Graphic file (type png)
<use schemat_kor.png>
Package pdftex.def Info: schemat_kor.png  used on input line 235.
(pdftex.def)             Requested size: 341.43306pt x 73.019pt.
[6 <./pid_2.png (PNG copy)> <./schemat_kor.png>]
LaTeX Font Info:    Try loading font information for OML+cmr on input line 259.


(/usr/local/texlive/2018/texmf-dist/tex/latex/base/omlcmr.fd
File: omlcmr.fd 2014/09/29 v2.5h Standard LaTeX font definitions
)
LaTeX Font Info:    Font shape `OML/cmr/m/n' in size <7> not available
(Font)              Font shape `OML/cmm/m/it' tried instead on input line 259.
<do_tk.png, id=47, 1553.805pt x 1017.8025pt>
File: do_tk.png Graphic file (type png)
<use do_tk.png>
Package pdftex.def Info: do_tk.png  used on input line 280.
(pdftex.def)             Requested size: 341.43306pt x 223.65323pt.
 [7 <./do_tk.png (PNG copy)>]
<do_k.png, id=53, 1571.8725pt x 1067.99pt>
File: do_k.png Graphic file (type png)
<use do_k.png>
Package pdftex.def Info: do_k.png  used on input line 290.
(pdftex.def)             Requested size: 341.43306pt x 231.97632pt.
 [8 <./do_k.png (PNG copy)>] (./Cwiczenie 4 - Sprawozdanie.aux)

LaTeX Warning: There were multiply-defined labels.

 ) 
Here is how much of TeX's memory you used:
 4227 strings out of 492649
 57765 string characters out of 6129621
 280632 words of memory out of 5000000
 8035 multiletter control sequences out of 15000+600000
 14115 words of font info for 40 fonts, out of 8000000 for 9000
 1141 hyphenation exceptions out of 8191
 41i,6n,40p,376b,1861s stack positions out of 5000i,500n,10000p,200000b,80000s
{/usr/local/texlive/2018/texmf-dist/fonts/enc/dvips/pl/plms.enc}{/usr/local/t
exlive/2018/texmf-dist/fonts/enc/dvips/pl/plrm.enc}{/usr/local/texlive/2018/tex
mf-dist/fonts/enc/dvips/pl/pltt.enc}{/usr/local/texlive/2018/texmf-dist/fonts/e
nc/dvips/pl/plsc.enc}{/usr/local/texlive/2018/texmf-dist/fonts/enc/dvips/pl/plm
i.enc}{/usr/local/texlive/2018/texmf-dist/fonts/enc/dvips/pl/plit.enc}</usr/loc
al/texlive/2018/texmf-dist/fonts/type1/public/amsfonts/cm/cmmi7.pfb></usr/local
/texlive/2018/texmf-dist/fonts/type1/public/amsfonts/cm/cmsy10.pfb></usr/local/
texlive/2018/texmf-dist/fonts/type1/public/amsfonts/cm/cmsy7.pfb></usr/local/te
xlive/2018/texmf-dist/fonts/type1/public/pl/plbx10.pfb></usr/local/texlive/2018
/texmf-dist/fonts/type1/public/pl/plbx12.pfb></usr/local/texlive/2018/texmf-dis
t/fonts/type1/public/pl/plmi10.pfb></usr/local/texlive/2018/texmf-dist/fonts/ty
pe1/public/pl/plmi7.pfb></usr/local/texlive/2018/texmf-dist/fonts/type1/public/
pl/plr10.pfb></usr/local/texlive/2018/texmf-dist/fonts/type1/public/pl/plr12.pf
b></usr/local/texlive/2018/texmf-dist/fonts/type1/public/pl/plr17.pfb></usr/loc
al/texlive/2018/texmf-dist/fonts/type1/public/pl/plr5.pfb></usr/local/texlive/2
018/texmf-dist/fonts/type1/public/pl/plr7.pfb></usr/local/texlive/2018/texmf-di
st/fonts/type1/public/pl/plsy10.pfb></usr/local/texlive/2018/texmf-dist/fonts/t
ype1/public/pl/plsy7.pfb></usr/local/texlive/2018/texmf-dist/fonts/type1/public
/pl/plti10.pfb></usr/local/texlive/2018/texmf-dist/fonts/type1/public/pl/pltt8.
pfb>
Output written on "Cwiczenie 4 - Sprawozdanie.pdf" (8 pages, 869075 bytes).
PDF statistics:
 114 PDF objects out of 1000 (max. 8388607)
 75 compressed objects within 1 object stream
 0 named destinations out of 1000 (max. 500000)
 51 words of extra memory for PDF output out of 10000 (max. 10000000)

