This is pdfTeX, Version 3.14159265-2.6-1.40.19 (MiKTeX 2.9.6930 64-bit) (preloaded format=pdflatex 2019.1.11)  13 JAN 2019 02:12
entering extended mode
**"./Cwiczenie 2 - Sprawozdanie.tex"
("Cwiczenie 2 - Sprawozdanie.tex"
LaTeX2e <2018-12-01>
("C:\Program Files\MiKTeX 2.9\tex/latex/base\article.cls"
Document Class: article 2018/09/03 v1.4i Standard LaTeX document class
("C:\Program Files\MiKTeX 2.9\tex/latex/base\size10.clo"
File: size10.clo 2018/09/03 v1.4i Standard LaTeX file (size option)
)
\c@part=\count80
\c@section=\count81
\c@subsection=\count82
\c@subsubsection=\count83
\c@paragraph=\count84
\c@subparagraph=\count85
\c@figure=\count86
\c@table=\count87
\abovecaptionskip=\skip41
\belowcaptionskip=\skip42
\bibindent=\dimen102
)
("C:\Program Files\MiKTeX 2.9\tex/latex/base\inputenc.sty"
Package: inputenc 2018/08/11 v1.3c Input encoding file
\inpenc@prehook=\toks14
\inpenc@posthook=\toks15
)
(C:\Users\krzys\AppData\Roaming\MiKTeX\2.9\tex/latex/polski\polski.sty
Package: polski 2017/05/04 v1.3.4 Polish language package

   Inputenc package detected. Catcodes not changed.
   Switching to Polish text encoding and Polish maths fonts.
("C:\Program Files\MiKTeX 2.9\tex/latex/base\ot4enc.def"
File: ot4enc.def 2018/08/11 v2.0j Standard LaTeX file
Now handling font encoding OT4 ...
... no UTF-8 mapping file for font encoding OT4
)
LaTeX Font Info:    Try loading font information for OT4+cmr on input line 360.


(C:\Users\krzys\AppData\Roaming\MiKTeX\2.9\tex/latex/polski\ot4cmr.fd
File: ot4cmr.fd 2008/02/24 v1.2.1 Font defs for fonts PL (MW)
)
LaTeX Font Info:    Overwriting math alphabet `\mathbf' in version `normal'
(Font)                  OT1/cmr/bx/n --> OT4/cmr/bx/n on input line 360.
LaTeX Font Info:    Overwriting math alphabet `\mathsf' in version `normal'
(Font)                  OT1/cmss/m/n --> OT4/cmss/m/n on input line 360.
LaTeX Font Info:    Overwriting math alphabet `\mathit' in version `normal'
(Font)                  OT1/cmr/m/it --> OT4/cmr/m/it on input line 360.
LaTeX Font Info:    Overwriting math alphabet `\mathtt' in version `normal'
(Font)                  OT1/cmtt/m/n --> OT4/cmtt/m/n on input line 360.
LaTeX Font Info:    Overwriting math alphabet `\mathsf' in version `bold'
(Font)                  OT1/cmss/bx/n --> OT4/cmss/bx/n on input line 360.
LaTeX Font Info:    Overwriting math alphabet `\mathit' in version `bold'
(Font)                  OT1/cmr/bx/it --> OT4/cmr/bx/it on input line 360.
LaTeX Font Info:    Encoding `OT1' has changed to `OT4' for symbol font
(Font)              `operators' in the math version `normal' on input line 360.

LaTeX Font Info:    Overwriting symbol font `operators' in version `normal'
(Font)                  OT1/cmr/m/n --> OT4/cmr/m/n on input line 360.
LaTeX Font Info:    Overwriting symbol font `letters' in version `normal'
(Font)                  OML/cmm/m/it --> OML/plm/m/it on input line 360.
LaTeX Font Info:    Overwriting symbol font `symbols' in version `normal'
(Font)                  OMS/cmsy/m/n --> OMS/plsy/m/n on input line 360.
LaTeX Font Info:    Overwriting symbol font `largesymbols' in version `normal'
(Font)                  OMX/cmex/m/n --> OMX/plex/m/n on input line 360.
LaTeX Font Info:    Encoding `OT1' has changed to `OT4' for symbol font
(Font)              `operators' in the math version `bold' on input line 360.
LaTeX Font Info:    Overwriting symbol font `operators' in version `bold'
(Font)                  OT1/cmr/bx/n --> OT4/cmr/bx/n on input line 360.
LaTeX Font Info:    Overwriting symbol font `letters' in version `bold'
(Font)                  OML/cmm/b/it --> OML/plm/b/it on input line 360.
LaTeX Font Info:    Overwriting symbol font `symbols' in version `bold'
(Font)                  OMS/cmsy/b/n --> OMS/plsy/b/n on input line 360.
)
("C:\Program Files\MiKTeX 2.9\tex/latex/graphics\graphicx.sty"
Package: graphicx 2017/06/01 v1.1a Enhanced LaTeX Graphics (DPC,SPQR)

("C:\Program Files\MiKTeX 2.9\tex/latex/graphics\keyval.sty"
Package: keyval 2014/10/28 v1.15 key=value parser (DPC)
\KV@toks@=\toks16
)
("C:\Program Files\MiKTeX 2.9\tex/latex/graphics\graphics.sty"
Package: graphics 2017/06/25 v1.2c Standard LaTeX Graphics (DPC,SPQR)

("C:\Program Files\MiKTeX 2.9\tex/latex/graphics\trig.sty"
Package: trig 2016/01/03 v1.10 sin cos tan (DPC)
)
("C:\Program Files\MiKTeX 2.9\tex/latex/graphics-cfg\graphics.cfg"
File: graphics.cfg 2016/06/04 v1.11 sample graphics configuration
)
Package graphics Info: Driver file: pdftex.def on input line 99.

("C:\Program Files\MiKTeX 2.9\tex/latex/graphics-def\pdftex.def"
File: pdftex.def 2018/01/08 v1.0l Graphics/color driver for pdftex
))
\Gin@req@height=\dimen103
\Gin@req@width=\dimen104
)
(C:\Users\krzys\AppData\Roaming\MiKTeX\2.9\tex/latex/listings\listings.sty
\lst@mode=\count88
\lst@gtempboxa=\box27
\lst@token=\toks17
\lst@length=\count89
\lst@currlwidth=\dimen105
\lst@column=\count90
\lst@pos=\count91
\lst@lostspace=\dimen106
\lst@width=\dimen107
\lst@newlines=\count92
\lst@lineno=\count93
\lst@maxwidth=\dimen108

(C:\Users\krzys\AppData\Roaming\MiKTeX\2.9\tex/latex/listings\lstmisc.sty
File: lstmisc.sty 2018/09/02 1.7 (Carsten Heinz)
\c@lstnumber=\count94
\lst@skipnumbers=\count95
\lst@framebox=\box28
)
(C:\Users\krzys\AppData\Roaming\MiKTeX\2.9\tex/latex/listings\listings.cfg
File: listings.cfg 2018/09/02 1.7 listings configuration
))
Package: listings 2018/09/02 1.7 (Carsten Heinz)

("C:\Program Files\MiKTeX 2.9\tex/latex/graphics\color.sty"
Package: color 2016/07/10 v1.1e Standard LaTeX Color (DPC)

("C:\Program Files\MiKTeX 2.9\tex/latex/graphics-cfg\color.cfg"
File: color.cfg 2016/01/02 v1.6 sample color configuration
)
Package color Info: Driver file: pdftex.def on input line 147.

("C:\Program Files\MiKTeX 2.9\tex/latex/graphics\dvipsnam.def"
File: dvipsnam.def 2016/06/17 v3.0m Driver-dependent file (DPC,SPQR)
))
(C:\Users\krzys\AppData\Roaming\MiKTeX\2.9\tex/latex/setspace\setspace.sty
Package: setspace 2011/12/19 v6.7a set line spacing
)
("C:\Program Files\MiKTeX 2.9\tex/latex/tools\indentfirst.sty"
Package: indentfirst 1995/11/23 v1.03 Indent first paragraph (DPC)
)
(C:\Users\krzys\AppData\Roaming\MiKTeX\2.9\tex/latex/listings\lstlang1.sty
File: lstlang1.sty 2018/09/02 1.7 listings language file
)
("Cwiczenie 2 - Sprawozdanie.aux"

LaTeX Warning: Label `eqn:transOS' multiply defined.

)
\openout1 = `"Cwiczenie 2 - Sprawozdanie.aux"'.

LaTeX Font Info:    Checking defaults for OML/cmm/m/it on input line 47.
LaTeX Font Info:    ... okay on input line 47.
LaTeX Font Info:    Checking defaults for T1/cmr/m/n on input line 47.
LaTeX Font Info:    ... okay on input line 47.
LaTeX Font Info:    Checking defaults for OT1/cmr/m/n on input line 47.
LaTeX Font Info:    ... okay on input line 47.
LaTeX Font Info:    Checking defaults for OMS/cmsy/m/n on input line 47.
LaTeX Font Info:    ... okay on input line 47.
LaTeX Font Info:    Checking defaults for OMX/cmex/m/n on input line 47.
LaTeX Font Info:    ... okay on input line 47.
LaTeX Font Info:    Checking defaults for U/cmr/m/n on input line 47.
LaTeX Font Info:    ... okay on input line 47.
LaTeX Font Info:    Checking defaults for OT4/cmr/m/n on input line 47.
LaTeX Font Info:    ... okay on input line 47.
 (C:\Users\krzys\AppData\Roaming\MiKTeX\2.9\tex/context/base\supp-pdf.mkii
[Loading MPS to PDF converter (version 2006.09.02).]
\scratchcounter=\count96
\scratchdimen=\dimen109
\scratchbox=\box29
\nofMPsegments=\count97
\nofMParguments=\count98
\everyMPshowfont=\toks18
\MPscratchCnt=\count99
\MPscratchDim=\dimen110
\MPnumerator=\count100
\makeMPintoPDFobject=\count101
\everyMPtoPDFconversion=\toks19
) ("C:\Program Files\MiKTeX 2.9\tex/latex/oberdiek\epstopdf-base.sty"
Package: epstopdf-base 2016/05/15 v2.6 Base part for package epstopdf

("C:\Program Files\MiKTeX 2.9\tex/generic/oberdiek\infwarerr.sty"
Package: infwarerr 2016/05/16 v1.4 Providing info/warning/error messages (HO)
)
("C:\Program Files\MiKTeX 2.9\tex/latex/oberdiek\grfext.sty"
Package: grfext 2016/05/16 v1.2 Manage graphics extensions (HO)

("C:\Program Files\MiKTeX 2.9\tex/generic/oberdiek\kvdefinekeys.sty"
Package: kvdefinekeys 2016/05/16 v1.4 Define keys (HO)

("C:\Program Files\MiKTeX 2.9\tex/generic/oberdiek\ltxcmds.sty"
Package: ltxcmds 2016/05/16 v1.23 LaTeX kernel commands for general use (HO)
)))
("C:\Program Files\MiKTeX 2.9\tex/latex/oberdiek\kvoptions.sty"
Package: kvoptions 2016/05/16 v3.12 Key value format for package options (HO)

("C:\Program Files\MiKTeX 2.9\tex/generic/oberdiek\kvsetkeys.sty"
Package: kvsetkeys 2016/05/16 v1.17 Key value parser (HO)

("C:\Program Files\MiKTeX 2.9\tex/generic/oberdiek\etexcmds.sty"
Package: etexcmds 2016/05/16 v1.6 Avoid name clashes with e-TeX commands (HO)

("C:\Program Files\MiKTeX 2.9\tex/generic/oberdiek\ifluatex.sty"
Package: ifluatex 2016/05/16 v1.4 Provides the ifluatex switch (HO)
Package ifluatex Info: LuaTeX not detected.
))))
("C:\Program Files\MiKTeX 2.9\tex/generic/oberdiek\pdftexcmds.sty"
Package: pdftexcmds 2018/09/10 v0.29 Utility functions of pdfTeX for LuaTeX (HO
)

("C:\Program Files\MiKTeX 2.9\tex/generic/oberdiek\ifpdf.sty"
Package: ifpdf 2018/09/07 v3.3 Provides the ifpdf switch
)
Package pdftexcmds Info: LuaTeX not detected.
Package pdftexcmds Info: \pdf@primitive is available.
Package pdftexcmds Info: \pdf@ifprimitive is available.
Package pdftexcmds Info: \pdfdraftmode found.
)
Package epstopdf-base Info: Redefining graphics rule for `.eps' on input line 4
38.
Package grfext Info: Graphics extension search list:
(grfext)             [.pdf,.png,.jpg,.mps,.jpeg,.jbig2,.jb2,.PDF,.PNG,.JPG,.JPE
G,.JBIG2,.JB2,.eps]
(grfext)             \AppendGraphicsExtensions on input line 456.
)
\c@lstlisting=\count102
LaTeX Font Info:    Try loading font information for OML+plm on input line 48.

(C:\Users\krzys\AppData\Roaming\MiKTeX\2.9\tex/latex/polski\omlplm.fd
File: omlplm.fd 2008/02/24 v1.2.1 Font defs for fonts PL (MW)
)
LaTeX Font Info:    Try loading font information for OMS+plsy on input line 48.


(C:\Users\krzys\AppData\Roaming\MiKTeX\2.9\tex/latex/polski\omsplsy.fd
File: omsplsy.fd 2008/02/24 v1.2.1 Font defs for fonts PL (MW)
)
LaTeX Font Info:    Try loading font information for OMX+plex on input line 48.


(C:\Users\krzys\AppData\Roaming\MiKTeX\2.9\tex/latex/polski\omxplex.fd
File: omxplex.fd 2008/02/24 v1.2.1 Font defs for fonts PL (MW)
)
LaTeX Font Info:    External font `plex10' loaded for size
(Font)              <12> on input line 48.
LaTeX Font Info:    External font `plex10' loaded for size
(Font)              <8> on input line 48.
LaTeX Font Info:    External font `plex10' loaded for size
(Font)              <6> on input line 48.
LaTeX Font Info:    External font `plex10' loaded for size
(Font)              <10> on input line 61.
LaTeX Font Info:    External font `plex10' loaded for size
(Font)              <7> on input line 61.
LaTeX Font Info:    External font `plex10' loaded for size
(Font)              <5> on input line 61.

[1

{C:/Users/krzys/AppData/Local/MiKTeX/2.9/pdftex/config/pdftex.map}]
Overfull \hbox (9.76169pt too wide) in paragraph at lines 93--95
[]\OT4/cmr/m/n/10 System re-gu-la-cji b¦-dzie-my sy-mu-lo-wa¢ przy u»y-ciu pro-
gra-mu Si-mu-link b¦-d¡-ce-go cz¦-±ci¡ pa-kie-tu M\OT4/cmr/m/n/9 ATLAB. 
 []

<schemat.png, id=13, 461.725pt x 222.8325pt>
File: schemat.png Graphic file (type png)
<use schemat.png>
Package pdftex.def Info: schemat.png  used on input line 98.
(pdftex.def)             Requested size: 341.43306pt x 164.77786pt.

Underfull \hbox (badness 10000) in paragraph at lines 121--123

 []

LaTeX Font Info:    Try loading font information for OT4+cmtt on input line 124
.
(C:\Users\krzys\AppData\Roaming\MiKTeX\2.9\tex/latex/polski\ot4cmtt.fd
File: ot4cmtt.fd 2008/02/24 v1.2.1 Font defs for fonts PL (MW)
)
LaTeX Font Info:    Try loading font information for OML+cmr on input line 133.


("C:\Program Files\MiKTeX 2.9\tex/latex/base\omlcmr.fd"
File: omlcmr.fd 2014/09/29 v2.5h Standard LaTeX font definitions
)
LaTeX Font Info:    Font shape `OML/cmr/m/n' in size <7> not available
(Font)              Font shape `OML/cmm/m/it' tried instead on input line 133.
<P-ku.png, id=15, 562.2606pt x 421.575pt>
File: P-ku.png Graphic file (type png)
<use P-ku.png>
Package pdftex.def Info: P-ku.png  used on input line 146.
(pdftex.def)             Requested size: 369.88582pt x 277.33334pt.
<P-kd.png, id=16, 562.2606pt x 421.575pt>
File: P-kd.png Graphic file (type png)
<use P-kd.png>
Package pdftex.def Info: P-kd.png  used on input line 152.
(pdftex.def)             Requested size: 369.88582pt x 277.33334pt.


LaTeX Warning: `!h' float specifier changed to `!ht'.


LaTeX Warning: `!h' float specifier changed to `!ht'.

LaTeX Font Info:    Try loading font information for OMS+cmr on input line 158.

("C:\Program Files\MiKTeX 2.9\tex/latex/base\omscmr.fd"
File: omscmr.fd 2014/09/29 v2.5h Standard LaTeX font definitions
)
LaTeX Font Info:    Font shape `OMS/cmr/m/n' in size <10> not available
(Font)              Font shape `OMS/cmsy/m/n' tried instead on input line 158.
 [2 <./schemat.png>]
[3 <./P-ku.png (PNG copy)> <./P-kd.png (PNG copy)>]
Underfull \hbox (badness 10000) in paragraph at lines 163--165

 []

<PI-ku.png, id=31, 941.5175pt x 848.16875pt>
File: PI-ku.png Graphic file (type png)
<use PI-ku.png>
Package pdftex.def Info: PI-ku.png  used on input line 188.
(pdftex.def)             Requested size: 369.88582pt x 333.21758pt.
<PI-kd.png, id=32, 1100.11pt x 937.5025pt>
File: PI-kd.png Graphic file (type png)
<use PI-kd.png>
Package pdftex.def Info: PI-kd.png  used on input line 194.
(pdftex.def)             Requested size: 369.88582pt x 315.21327pt.

LaTeX Warning: `!h' float specifier changed to `!ht'.

[4 <./PI-ku.png (PNG copy)>]
Underfull \hbox (badness 10000) in paragraph at lines 205--207

 []

[5 <./PI-kd.png (PNG copy)>]
<PID-ku.png, id=39, 1156.32pt x 937.5025pt>
File: PID-ku.png Graphic file (type png)
<use PID-ku.png>
Package pdftex.def Info: PID-ku.png  used on input line 230.
(pdftex.def)             Requested size: 369.88582pt x 299.87817pt.
<PID-kd.png, id=40, 1772.6225pt x 1294.8375pt>
File: PID-kd.png Graphic file (type png)
<use PID-kd.png>
Package pdftex.def Info: PID-kd.png  used on input line 236.
(pdftex.def)             Requested size: 369.88582pt x 270.18523pt.
 [6 <./PID-ku.png (PNG copy)> <./PID-kd.png (PNG copy)>]
Underfull \hbox (badness 10000) in paragraph at lines 260--261

 []

[7]
<P-opt.png, id=49, 1099.10625pt x 940.51375pt>
File: P-opt.png Graphic file (type png)
<use P-opt.png>
Package pdftex.def Info: P-opt.png  used on input line 287.
(pdftex.def)             Requested size: 369.88582pt x 316.51276pt.
<P-opt-zoom.png, id=50, 1099.10625pt x 940.51375pt>
File: P-opt-zoom.png Graphic file (type png)
<use P-opt-zoom.png>
Package pdftex.def Info: P-opt-zoom.png  used on input line 293.
(pdftex.def)             Requested size: 369.88582pt x 316.51276pt.
 [8 <./P-opt.png (PNG copy)> <./P-opt-zoom.png (PNG copy)>]
Underfull \hbox (badness 10000) in paragraph at lines 300--301

 []

<PI-opt-k1.png, id=54, 1676.2625pt x 1306.8825pt>
File: PI-opt-k1.png Graphic file (type png)
<use PI-opt-k1.png>
Package pdftex.def Info: PI-opt-k1.png  used on input line 325.
(pdftex.def)             Requested size: 369.88582pt x 288.37251pt.
[9 <./PI-opt-k1.png (PNG copy)>]
<PI-opt-k1-zoom.png, id=58, 1603.9925pt x 1184.425pt>
File: PI-opt-k1-zoom.png Graphic file (type png)
<use PI-opt-k1-zoom.png>
Package pdftex.def Info: PI-opt-k1-zoom.png  used on input line 334.
(pdftex.def)             Requested size: 369.88582pt x 273.13493pt.
<PI-opt-k2.png, id=59, 1654.18pt x 1240.635pt>
File: PI-opt-k2.png Graphic file (type png)
<use PI-opt-k2.png>
Package pdftex.def Info: PI-opt-k2.png  used on input line 340.
(pdftex.def)             Requested size: 369.88582pt x 277.40814pt.
 [10 <./PI-opt-k1-zoom.png (PNG copy)> <./PI-opt-k2.png (PNG copy)>]
<PI-opt-k2-zoom.png, id=63, 1507.6325pt x 1172.38pt>
File: PI-opt-k2-zoom.png Graphic file (type png)
<use PI-opt-k2-zoom.png>
Package pdftex.def Info: PI-opt-k2-zoom.png  used on input line 349.
(pdftex.def)             Requested size: 369.88582pt x 287.62022pt.
<PI-opt-k4.png, id=64, 1690.315pt x 1202.4925pt>
File: PI-opt-k4.png Graphic file (type png)
<use PI-opt-k4.png>
Package pdftex.def Info: PI-opt-k4.png  used on input line 355.
(pdftex.def)             Requested size: 369.88582pt x 263.13632pt.
<PI-opt-k4-zoom.png, id=65, 1666.225pt x 1238.6275pt>
File: PI-opt-k4-zoom.png Graphic file (type png)
<use PI-opt-k4-zoom.png>
Package pdftex.def Info: PI-opt-k4-zoom.png  used on input line 361.
(pdftex.def)             Requested size: 369.88582pt x 274.95589pt.


LaTeX Warning: `!h' float specifier changed to `!ht'.

[11 <./PI-opt-k2-zoom.png (PNG copy)> <./PI-opt-k4.png (PNG copy)>]
Underfull \hbox (badness 10000) in paragraph at lines 368--369

 []

[12 <./PI-opt-k4-zoom.png (PNG copy)>]
<PID-opt-ti-02.png, id=72, 1704.3675pt x 1216.545pt>
File: PID-opt-ti-02.png Graphic file (type png)
<use PID-opt-ti-02.png>
Package pdftex.def Info: PID-opt-ti-02.png  used on input line 395.
(pdftex.def)             Requested size: 369.88582pt x 264.00238pt.
<PID-opt-ti-02-zoom.png, id=73, 1716.4125pt x 1182.4175pt>
File: PID-opt-ti-02-zoom.png Graphic file (type png)
<use PID-opt-ti-02-zoom.png>
Package pdftex.def Info: PID-opt-ti-02-zoom.png  used on input line 401.
(pdftex.def)             Requested size: 369.88582pt x 254.8102pt.
 [13 <./PID-opt-ti-02.png (PNG copy)> <./PID-opt-ti-02-zoom.png (PNG copy)>]
<PID-opt-ti-06.png, id=78, 1694.33pt x 1240.635pt>
File: PID-opt-ti-06.png Graphic file (type png)
<use PID-opt-ti-06.png>
Package pdftex.def Info: PID-opt-ti-06.png  used on input line 408.
(pdftex.def)             Requested size: 369.88582pt x 270.83925pt.
<PID-opt-ti-06-zoom.png, id=79, 1840.8775pt x 1355.0625pt>
File: PID-opt-ti-06-zoom.png Graphic file (type png)
<use PID-opt-ti-06-zoom.png>
Package pdftex.def Info: PID-opt-ti-06-zoom.png  used on input line 414.
(pdftex.def)             Requested size: 369.88582pt x 272.26897pt.
 [14 <./PID-opt-ti-06.png (PNG copy)> <./PID-opt-ti-06-zoom.png (PNG copy)>]
<PID-opt-ti-1.png, id=83, 1622.06pt x 1152.305pt>
File: PID-opt-ti-1.png Graphic file (type png)
<use PID-opt-ti-1.png>
Package pdftex.def Info: PID-opt-ti-1.png  used on input line 421.
(pdftex.def)             Requested size: 369.88582pt x 262.7564pt.
<PID-opt-ti-1-zoom.png, id=84, 1872.9975pt x 1336.995pt>
File: PID-opt-ti-1-zoom.png Graphic file (type png)
<use PID-opt-ti-1-zoom.png>
Package pdftex.def Info: PID-opt-ti-1-zoom.png  used on input line 427.
(pdftex.def)             Requested size: 369.88582pt x 264.02812pt.
 [15 <./PID-opt-ti-1.png (PNG copy)> <./PID-opt-ti-1-zoom.png (PNG copy)>]
Underfull \hbox (badness 10000) in paragraph at lines 434--437

 []


Underfull \hbox (badness 10000) in paragraph at lines 438--439

 []


Underfull \hbox (badness 10000) in paragraph at lines 440--441

 []


Underfull \hbox (badness 10000) in paragraph at lines 442--443

 []


Underfull \hbox (badness 10000) in paragraph at lines 444--446

 []


Underfull \hbox (badness 10000) in paragraph at lines 447--448

 []

[16] ("Cwiczenie 2 - Sprawozdanie.aux")

LaTeX Warning: There were multiply-defined labels.

 ) 
Here is how much of TeX's memory you used:
 4303 strings out of 492946
 59138 string characters out of 3135527
 390684 words of memory out of 3000000
 8116 multiletter control sequences out of 15000+200000
 14075 words of font info for 40 fonts, out of 3000000 for 9000
 1141 hyphenation exceptions out of 8191
 41i,7n,40p,510b,1860s stack positions out of 5000i,500n,10000p,200000b,50000s
{C:/Users/krzys/AppData/Roaming/MiKTeX/2.9/fonts/enc/dvips/pl/plme.enc}{C:/Us
ers/krzys/AppData/Roaming/MiKTeX/2.9/fonts/enc/dvips/pl/plms.enc}{C:/Users/krzy
s/AppData/Roaming/MiKTeX/2.9/fonts/enc/dvips/pl/pltt.enc}{C:/Users/krzys/AppDat
a/Roaming/MiKTeX/2.9/fonts/enc/dvips/pl/plsc.enc}{C:/Users/krzys/AppData/Roamin
g/MiKTeX/2.9/fonts/enc/dvips/pl/plrm.enc}{C:/Users/krzys/AppData/Roaming/MiKTeX
/2.9/fonts/enc/dvips/pl/plmi.enc}<C:/Program Files/MiKTeX 2.9/fonts/type1/publi
c/amsfonts/cm/cmmi7.pfb><C:/Program Files/MiKTeX 2.9/fonts/type1/public/amsfont
s/cm/cmsy10.pfb><C:/Users/krzys/AppData/Roaming/MiKTeX/2.9/fonts/type1/public/p
l/plbx10.pfb><C:/Users/krzys/AppData/Roaming/MiKTeX/2.9/fonts/type1/public/pl/p
lbx12.pfb><C:/Users/krzys/AppData/Roaming/MiKTeX/2.9/fonts/type1/public/pl/plex
10.pfb><C:/Users/krzys/AppData/Roaming/MiKTeX/2.9/fonts/type1/public/pl/plmi10.
pfb><C:/Users/krzys/AppData/Roaming/MiKTeX/2.9/fonts/type1/public/pl/plmi7.pfb>
<C:/Users/krzys/AppData/Roaming/MiKTeX/2.9/fonts/type1/public/pl/plr10.pfb><C:/
Users/krzys/AppData/Roaming/MiKTeX/2.9/fonts/type1/public/pl/plr12.pfb><C:/User
s/krzys/AppData/Roaming/MiKTeX/2.9/fonts/type1/public/pl/plr17.pfb><C:/Users/kr
zys/AppData/Roaming/MiKTeX/2.9/fonts/type1/public/pl/plr5.pfb><C:/Users/krzys/A
ppData/Roaming/MiKTeX/2.9/fonts/type1/public/pl/plr7.pfb><C:/Users/krzys/AppDat
a/Roaming/MiKTeX/2.9/fonts/type1/public/pl/plr9.pfb><C:/Users/krzys/AppData/Roa
ming/MiKTeX/2.9/fonts/type1/public/pl/plsy10.pfb><C:/Users/krzys/AppData/Roamin
g/MiKTeX/2.9/fonts/type1/public/pl/plsy7.pfb><C:/Users/krzys/AppData/Roaming/Mi
KTeX/2.9/fonts/type1/public/pl/pltt8.pfb>
Output written on "Cwiczenie 2 - Sprawozdanie.pdf" (16 pages, 931184 bytes).
PDF statistics:
 147 PDF objects out of 1000 (max. 8388607)
 0 named destinations out of 1000 (max. 500000)
 106 words of extra memory for PDF output out of 10000 (max. 10000000)

